<?xml version="1.0" encoding="UTF-8"?>
<testng-results ignored="0" total="1" passed="1" failed="0" skipped="0">
  <reporter-output>
  </reporter-output>
  <suite started-at="2021-10-26T07:15:42 IST" name="Default suite" finished-at="2021-10-26T07:15:42 IST" duration-ms="33">
    <groups>
    </groups>
    <test started-at="2021-10-26T07:15:42 IST" name="Default test" finished-at="2021-10-26T07:15:42 IST" duration-ms="33">
      <class name="testSuites.ChartVerification">
        <test-method signature="verifyChart()[pri:0, instance:testSuites.ChartVerification@51e5fc98]" started-at="2021-10-26T07:15:42 IST" name="verifyChart" finished-at="2021-10-26T07:15:42 IST" duration-ms="7" status="PASS">
          <reporter-output>
          </reporter-output>
        </test-method> <!-- verifyChart -->
      </class> <!-- testSuites.ChartVerification -->
    </test> <!-- Default test -->
  </suite> <!-- Default suite -->
</testng-results>
